<?xml version="1.0" encoding="UTF-8"?>
<testsuite xmlns:xsi="http://www.w3.org/2001/XMLSchema-instance" xsi:noNamespaceSchemaLocation="https://maven.apache.org/surefire/maven-surefire-plugin/xsd/surefire-test-report-3.0.xsd" version="3.0" name="TesteCalculadora" time="0.33" tests="15" errors="0" skipped="0" failures="0">
  <properties>
    <property name="java.specification.version" value="17"/>
    <property name="sun.jnu.encoding" value="UTF-8"/>
    <property name="java.class.path" value="/home/danillo/Dropbox/Estudos/Teste de Software/Iterasys/Formacao em Teste de Software/Selenium WebDriver/calculadora142/target/test-classes:/home/danillo/Dropbox/Estudos/Teste de Software/Iterasys/Formacao em Teste de Software/Selenium WebDriver/calculadora142/target/classes:/home/danillo/.m2/repository/org/junit/jupiter/junit-jupiter/5.12.1/junit-jupiter-5.12.1.jar:/home/danillo/.m2/repository/org/junit/jupiter/junit-jupiter-api/5.12.1/junit-jupiter-api-5.12.1.jar:/home/danillo/.m2/repository/org/opentest4j/opentest4j/1.3.0/opentest4j-1.3.0.jar:/home/danillo/.m2/repository/org/junit/platform/junit-platform-commons/1.12.1/junit-platform-commons-1.12.1.jar:/home/danillo/.m2/repository/org/apiguardian/apiguardian-api/1.1.2/apiguardian-api-1.1.2.jar:/home/danillo/.m2/repository/org/junit/jupiter/junit-jupiter-params/5.12.1/junit-jupiter-params-5.12.1.jar:/home/danillo/.m2/repository/org/junit/jupiter/junit-jupiter-engine/5.12.1/junit-jupiter-engine-5.12.1.jar:/home/danillo/.m2/repository/org/junit/platform/junit-platform-engine/1.12.1/junit-platform-engine-1.12.1.jar:/home/danillo/.m2/repository/org/hamcrest/hamcrest/3.0/hamcrest-3.0.jar:"/>
    <property name="java.vm.vendor" value="Amazon.com Inc."/>
    <property name="sun.arch.data.model" value="64"/>
    <property name="java.vendor.url" value="https://aws.amazon.com/corretto/"/>
    <property name="os.name" value="Linux"/>
    <property name="java.vm.specification.version" value="17"/>
    <property name="sun.java.launcher" value="SUN_STANDARD"/>
    <property name="user.country" value="BR"/>
    <property name="sun.boot.library.path" value="/home/danillo/.sdkman/candidates/java/17.0.14-amzn/lib"/>
    <property name="sun.java.command" value="/home/danillo/Dropbox/Estudos/Teste de Software/Iterasys/Formacao em Teste de Software/Selenium WebDriver/calculadora142/target/surefire/surefirebooter-20250323113318815_3.jar /home/danillo/Dropbox/Estudos/Teste de Software/Iterasys/Formacao em Teste de Software/Selenium WebDriver/calculadora142/target/surefire 2025-03-23T11-33-18_403-jvmRun1 surefire-20250323113318815_1tmp surefire_0-20250323113318815_2tmp"/>
    <property name="jdk.debug" value="release"/>
    <property name="surefire.test.class.path" value="/home/danillo/Dropbox/Estudos/Teste de Software/Iterasys/Formacao em Teste de Software/Selenium WebDriver/calculadora142/target/test-classes:/home/danillo/Dropbox/Estudos/Teste de Software/Iterasys/Formacao em Teste de Software/Selenium WebDriver/calculadora142/target/classes:/home/danillo/.m2/repository/org/junit/jupiter/junit-jupiter/5.12.1/junit-jupiter-5.12.1.jar:/home/danillo/.m2/repository/org/junit/jupiter/junit-jupiter-api/5.12.1/junit-jupiter-api-5.12.1.jar:/home/danillo/.m2/repository/org/opentest4j/opentest4j/1.3.0/opentest4j-1.3.0.jar:/home/danillo/.m2/repository/org/junit/platform/junit-platform-commons/1.12.1/junit-platform-commons-1.12.1.jar:/home/danillo/.m2/repository/org/apiguardian/apiguardian-api/1.1.2/apiguardian-api-1.1.2.jar:/home/danillo/.m2/repository/org/junit/jupiter/junit-jupiter-params/5.12.1/junit-jupiter-params-5.12.1.jar:/home/danillo/.m2/repository/org/junit/jupiter/junit-jupiter-engine/5.12.1/junit-jupiter-engine-5.12.1.jar:/home/danillo/.m2/repository/org/junit/platform/junit-platform-engine/1.12.1/junit-platform-engine-1.12.1.jar:/home/danillo/.m2/repository/org/hamcrest/hamcrest/3.0/hamcrest-3.0.jar:"/>
    <property name="sun.cpu.endian" value="little"/>
    <property name="user.home" value="/home/danillo"/>
    <property name="user.language" value="pt"/>
    <property name="java.specification.vendor" value="Oracle Corporation"/>
    <property name="java.version.date" value="2025-01-21"/>
    <property name="java.home" value="/home/danillo/.sdkman/candidates/java/17.0.14-amzn"/>
    <property name="file.separator" value="/"/>
    <property name="basedir" value="/home/danillo/Dropbox/Estudos/Teste de Software/Iterasys/Formacao em Teste de Software/Selenium WebDriver/calculadora142"/>
    <property name="java.vm.compressedOopsMode" value="Zero based"/>
    <property name="line.separator" value="&#10;"/>
    <property name="java.specification.name" value="Java Platform API Specification"/>
    <property name="java.vm.specification.vendor" value="Oracle Corporation"/>
    <property name="surefire.real.class.path" value="/home/danillo/Dropbox/Estudos/Teste de Software/Iterasys/Formacao em Teste de Software/Selenium WebDriver/calculadora142/target/surefire/surefirebooter-20250323113318815_3.jar"/>
    <property name="sun.management.compiler" value="HotSpot 64-Bit Tiered Compilers"/>
    <property name="java.runtime.version" value="17.0.14+7-LTS"/>
    <property name="user.name" value="danillo"/>
    <property name="path.separator" value=":"/>
    <property name="os.version" value="6.8.0-55-generic"/>
    <property name="java.runtime.name" value="OpenJDK Runtime Environment"/>
    <property name="file.encoding" value="UTF-8"/>
    <property name="java.vm.name" value="OpenJDK 64-Bit Server VM"/>
    <property name="java.vendor.version" value="Corretto-17.0.14.7.1"/>
    <property name="localRepository" value="/home/danillo/.m2/repository"/>
    <property name="java.vendor.url.bug" value="https://github.com/corretto/corretto-17/issues/"/>
    <property name="java.io.tmpdir" value="/tmp"/>
    <property name="java.version" value="17.0.14"/>
    <property name="user.dir" value="/home/danillo/Dropbox/Estudos/Teste de Software/Iterasys/Formacao em Teste de Software/Selenium WebDriver/calculadora142"/>
    <property name="os.arch" value="amd64"/>
    <property name="java.vm.specification.name" value="Java Virtual Machine Specification"/>
    <property name="native.encoding" value="UTF-8"/>
    <property name="java.library.path" value="/usr/java/packages/lib:/usr/lib64:/lib64:/lib:/usr/lib"/>
    <property name="java.vm.info" value="mixed mode, sharing"/>
    <property name="java.vendor" value="Amazon.com Inc."/>
    <property name="java.vm.version" value="17.0.14+7-LTS"/>
    <property name="java.specification.maintenance.version" value="1"/>
    <property name="sun.io.unicode.encoding" value="UnicodeLittle"/>
    <property name="java.class.version" value="61.0"/>
  </properties>
  <testcase name="testeSomar" classname="TesteCalculadora" time="0.074">
    <system-out><![CDATA[Soma de 10.0 + 8.0 = 18.0
]]></system-out>
  </testcase>
  <testcase name="testeSomarCSV(float, float, float)[1]" classname="TesteCalculadora" time="0.032">
    <system-out><![CDATA[Soma de 35.0 + 17.0 = 52.0
]]></system-out>
  </testcase>
  <testcase name="testeSomarCSV(float, float, float)[2]" classname="TesteCalculadora" time="0.003">
    <system-out><![CDATA[Soma de 0.0 + 33.0 = 33.0
]]></system-out>
  </testcase>
  <testcase name="testeSomarCSV(float, float, float)[3]" classname="TesteCalculadora" time="0.003">
    <system-out><![CDATA[Soma de -8.0 + 44.0 = 36.0
]]></system-out>
  </testcase>
  <testcase name="testeSomarCSV(float, float, float)[4]" classname="TesteCalculadora" time="0.004">
    <system-out><![CDATA[Soma de -17.0 + -22.0 = -39.0
]]></system-out>
  </testcase>
  <testcase name="testeSomarCSV(float, float, float)[5]" classname="TesteCalculadora" time="0.002">
    <system-out><![CDATA[Soma de 0.75 + 2.55 = 3.3
]]></system-out>
  </testcase>
  <testcase name="testeSomarDDT(float, float, float)[1]" classname="TesteCalculadora" time="0.003">
    <system-out><![CDATA[Soma de 15.0 + 25.0 = 40.0
]]></system-out>
  </testcase>
  <testcase name="testeSomarDDT(float, float, float)[2]" classname="TesteCalculadora" time="0.004">
    <system-out><![CDATA[Soma de 0.0 + 12.0 = 12.0
]]></system-out>
  </testcase>
  <testcase name="testeSomarDDT(float, float, float)[3]" classname="TesteCalculadora" time="0.004">
    <system-out><![CDATA[Soma de -5.0 + 9.0 = 4.0
]]></system-out>
  </testcase>
  <testcase name="testeSomarDDT(float, float, float)[4]" classname="TesteCalculadora" time="0.002">
    <system-out><![CDATA[Soma de -7.0 + -8.0 = -15.0
]]></system-out>
  </testcase>
  <testcase name="testeSomarDDT(float, float, float)[5]" classname="TesteCalculadora" time="0.005">
    <system-out><![CDATA[Soma de 0.5 + 3.7 = 4.2
]]></system-out>
  </testcase>
  <testcase name="testesubtrair" classname="TesteCalculadora" time="0.002">
    <system-out><![CDATA[Subtração de 25.0 - 14.0 = 11.0
]]></system-out>
  </testcase>
  <testcase name="testeMultiplicar" classname="TesteCalculadora" time="0.002"/>
  <testcase name="testeDividirPorZero" classname="TesteCalculadora" time="0.002"/>
  <testcase name="testeDividir" classname="TesteCalculadora" time="0.002"/>
</testsuite>