<?xml version="1.0" encoding="UTF-8"?>
<testsuite xmlns:xsi="http://www.w3.org/2001/XMLSchema-instance" xsi:noNamespaceSchemaLocation="https://maven.apache.org/surefire/maven-surefire-plugin/xsd/surefire-test-report-3.0.xsd" version="3.0" name="ConsultarProdutoTest" time="2.064" tests="1" errors="1" skipped="0" failures="0">
  <properties>
    <property name="java.specification.version" value="17"/>
    <property name="sun.jnu.encoding" value="UTF-8"/>
    <property name="java.class.path" value="/home/danillo/Dropbox/Estudos/Teste de Software/Iterasys/Formacao em Teste de Software/Appium/mydemoapp142/target/test-classes:/home/danillo/Dropbox/Estudos/Teste de Software/Iterasys/Formacao em Teste de Software/Appium/mydemoapp142/target/classes:/home/danillo/.m2/repository/org/junit/jupiter/junit-jupiter/5.10.2/junit-jupiter-5.10.2.jar:/home/danillo/.m2/repository/org/junit/jupiter/junit-jupiter-api/5.10.2/junit-jupiter-api-5.10.2.jar:/home/danillo/.m2/repository/org/opentest4j/opentest4j/1.3.0/opentest4j-1.3.0.jar:/home/danillo/.m2/repository/org/junit/platform/junit-platform-commons/1.10.2/junit-platform-commons-1.10.2.jar:/home/danillo/.m2/repository/org/apiguardian/apiguardian-api/1.1.2/apiguardian-api-1.1.2.jar:/home/danillo/.m2/repository/org/junit/jupiter/junit-jupiter-params/5.10.2/junit-jupiter-params-5.10.2.jar:/home/danillo/.m2/repository/org/junit/jupiter/junit-jupiter-engine/5.10.2/junit-jupiter-engine-5.10.2.jar:/home/danillo/.m2/repository/org/junit/platform/junit-platform-engine/1.10.2/junit-platform-engine-1.10.2.jar:/home/danillo/.m2/repository/io/appium/java-client/8.5.1/java-client-8.5.1.jar:/home/danillo/.m2/repository/org/seleniumhq/selenium/selenium-api/4.10.0/selenium-api-4.10.0.jar:/home/danillo/.m2/repository/org/seleniumhq/selenium/selenium-remote-driver/4.10.0/selenium-remote-driver-4.10.0.jar:/home/danillo/.m2/repository/com/google/auto/service/auto-service-annotations/1.0.1/auto-service-annotations-1.0.1.jar:/home/danillo/.m2/repository/com/google/auto/service/auto-service/1.0.1/auto-service-1.0.1.jar:/home/danillo/.m2/repository/com/google/auto/auto-common/1.2/auto-common-1.2.jar:/home/danillo/.m2/repository/com/google/guava/guava/31.1-jre/guava-31.1-jre.jar:/home/danillo/.m2/repository/com/google/guava/failureaccess/1.0.1/failureaccess-1.0.1.jar:/home/danillo/.m2/repository/com/google/guava/listenablefuture/9999.0-empty-to-avoid-conflict-with-guava/listenablefuture-9999.0-empty-to-avoid-conflict-with-guava.jar:/home/danillo/.m2/repository/com/google/code/findbugs/jsr305/3.0.2/jsr305-3.0.2.jar:/home/danillo/.m2/repository/org/checkerframework/checker-qual/3.12.0/checker-qual-3.12.0.jar:/home/danillo/.m2/repository/com/google/errorprone/error_prone_annotations/2.11.0/error_prone_annotations-2.11.0.jar:/home/danillo/.m2/repository/com/google/j2objc/j2objc-annotations/1.3/j2objc-annotations-1.3.jar:/home/danillo/.m2/repository/io/netty/netty-buffer/4.1.92.Final/netty-buffer-4.1.92.Final.jar:/home/danillo/.m2/repository/io/netty/netty-codec-http/4.1.92.Final/netty-codec-http-4.1.92.Final.jar:/home/danillo/.m2/repository/io/netty/netty-codec/4.1.92.Final/netty-codec-4.1.92.Final.jar:/home/danillo/.m2/repository/io/netty/netty-handler/4.1.92.Final/netty-handler-4.1.92.Final.jar:/home/danillo/.m2/repository/io/netty/netty-common/4.1.92.Final/netty-common-4.1.92.Final.jar:/home/danillo/.m2/repository/io/netty/netty-transport-classes-epoll/4.1.92.Final/netty-transport-classes-epoll-4.1.92.Final.jar:/home/danillo/.m2/repository/io/netty/netty-transport-classes-kqueue/4.1.92.Final/netty-transport-classes-kqueue-4.1.92.Final.jar:/home/danillo/.m2/repository/io/netty/netty-transport-native-epoll/4.1.92.Final/netty-transport-native-epoll-4.1.92.Final.jar:/home/danillo/.m2/repository/io/netty/netty-transport-native-kqueue/4.1.92.Final/netty-transport-native-kqueue-4.1.92.Final.jar:/home/danillo/.m2/repository/io/netty/netty-transport-native-unix-common/4.1.92.Final/netty-transport-native-unix-common-4.1.92.Final.jar:/home/danillo/.m2/repository/io/netty/netty-transport/4.1.92.Final/netty-transport-4.1.92.Final.jar:/home/danillo/.m2/repository/io/netty/netty-resolver/4.1.92.Final/netty-resolver-4.1.92.Final.jar:/home/danillo/.m2/repository/io/opentelemetry/opentelemetry-api/1.26.0/opentelemetry-api-1.26.0.jar:/home/danillo/.m2/repository/io/opentelemetry/opentelemetry-context/1.26.0/opentelemetry-context-1.26.0.jar:/home/danillo/.m2/repository/io/opentelemetry/opentelemetry-exporter-logging/1.26.0/opentelemetry-exporter-logging-1.26.0.jar:/home/danillo/.m2/repository/io/opentelemetry/opentelemetry-sdk-metrics/1.26.0/opentelemetry-sdk-metrics-1.26.0.jar:/home/danillo/.m2/repository/io/opentelemetry/opentelemetry-extension-incubator/1.26.0-alpha/opentelemetry-extension-incubator-1.26.0-alpha.jar:/home/danillo/.m2/repository/io/opentelemetry/opentelemetry-sdk-logs/1.26.0-alpha/opentelemetry-sdk-logs-1.26.0-alpha.jar:/home/danillo/.m2/repository/io/opentelemetry/opentelemetry-api-logs/1.26.0-alpha/opentelemetry-api-logs-1.26.0-alpha.jar:/home/danillo/.m2/repository/io/opentelemetry/opentelemetry-api-events/1.26.0-alpha/opentelemetry-api-events-1.26.0-alpha.jar:/home/danillo/.m2/repository/io/opentelemetry/opentelemetry-sdk-common/1.26.0/opentelemetry-sdk-common-1.26.0.jar:/home/danillo/.m2/repository/io/opentelemetry/opentelemetry-sdk-extension-autoconfigure-spi/1.26.0/opentelemetry-sdk-extension-autoconfigure-spi-1.26.0.jar:/home/danillo/.m2/repository/io/opentelemetry/opentelemetry-sdk-extension-autoconfigure/1.26.0-alpha/opentelemetry-sdk-extension-autoconfigure-1.26.0-alpha.jar:/home/danillo/.m2/repository/io/opentelemetry/opentelemetry-sdk-trace/1.26.0/opentelemetry-sdk-trace-1.26.0.jar:/home/danillo/.m2/repository/io/opentelemetry/opentelemetry-sdk/1.26.0/opentelemetry-sdk-1.26.0.jar:/home/danillo/.m2/repository/io/opentelemetry/opentelemetry-semconv/1.26.0-alpha/opentelemetry-semconv-1.26.0-alpha.jar:/home/danillo/.m2/repository/net/bytebuddy/byte-buddy/1.14.4/byte-buddy-1.14.4.jar:/home/danillo/.m2/repository/org/apache/commons/commons-exec/1.3/commons-exec-1.3.jar:/home/danillo/.m2/repository/org/asynchttpclient/async-http-client/2.12.3/async-http-client-2.12.3.jar:/home/danillo/.m2/repository/org/asynchttpclient/async-http-client-netty-utils/2.12.3/async-http-client-netty-utils-2.12.3.jar:/home/danillo/.m2/repository/io/netty/netty-codec-socks/4.1.60.Final/netty-codec-socks-4.1.60.Final.jar:/home/danillo/.m2/repository/io/netty/netty-handler-proxy/4.1.60.Final/netty-handler-proxy-4.1.60.Final.jar:/home/danillo/.m2/repository/io/netty/netty-transport-native-epoll/4.1.60.Final/netty-transport-native-epoll-4.1.60.Final-linux-x86_64.jar:/home/danillo/.m2/repository/io/netty/netty-transport-native-kqueue/4.1.60.Final/netty-transport-native-kqueue-4.1.60.Final-osx-x86_64.jar:/home/danillo/.m2/repository/org/reactivestreams/reactive-streams/1.0.3/reactive-streams-1.0.3.jar:/home/danillo/.m2/repository/com/typesafe/netty/netty-reactive-streams/2.0.4/netty-reactive-streams-2.0.4.jar:/home/danillo/.m2/repository/com/sun/activation/jakarta.activation/1.2.2/jakarta.activation-1.2.2.jar:/home/danillo/.m2/repository/org/seleniumhq/selenium/selenium-http/4.10.0/selenium-http-4.10.0.jar:/home/danillo/.m2/repository/dev/failsafe/failsafe/3.3.1/failsafe-3.3.1.jar:/home/danillo/.m2/repository/org/seleniumhq/selenium/selenium-json/4.10.0/selenium-json-4.10.0.jar:/home/danillo/.m2/repository/org/seleniumhq/selenium/selenium-manager/4.10.0/selenium-manager-4.10.0.jar:/home/danillo/.m2/repository/org/seleniumhq/selenium/selenium-support/4.10.0/selenium-support-4.10.0.jar:/home/danillo/.m2/repository/com/google/code/gson/gson/2.10.1/gson-2.10.1.jar:/home/danillo/.m2/repository/commons-validator/commons-validator/1.7/commons-validator-1.7.jar:/home/danillo/.m2/repository/commons-beanutils/commons-beanutils/1.9.4/commons-beanutils-1.9.4.jar:/home/danillo/.m2/repository/commons-digester/commons-digester/2.1/commons-digester-2.1.jar:/home/danillo/.m2/repository/commons-logging/commons-logging/1.2/commons-logging-1.2.jar:/home/danillo/.m2/repository/commons-collections/commons-collections/3.2.2/commons-collections-3.2.2.jar:/home/danillo/.m2/repository/org/apache/commons/commons-lang3/3.12.0/commons-lang3-3.12.0.jar:/home/danillo/.m2/repository/commons-io/commons-io/2.12.0/commons-io-2.12.0.jar:/home/danillo/.m2/repository/org/slf4j/slf4j-api/2.0.7/slf4j-api-2.0.7.jar:"/>
    <property name="java.vm.vendor" value="Eclipse Adoptium"/>
    <property name="sun.arch.data.model" value="64"/>
    <property name="java.vendor.url" value="https://adoptium.net/"/>
    <property name="os.name" value="Linux"/>
    <property name="java.vm.specification.version" value="17"/>
    <property name="sun.java.launcher" value="SUN_STANDARD"/>
    <property name="user.country" value="BR"/>
    <property name="sun.boot.library.path" value="/home/danillo/.sdkman/candidates/java/17.0.9-tem/lib"/>
    <property name="sun.java.command" value="/home/danillo/Dropbox/Estudos/Teste de Software/Iterasys/Formacao em Teste de Software/Appium/mydemoapp142/target/surefire/surefirebooter-20250909225217910_3.jar /home/danillo/Dropbox/Estudos/Teste de Software/Iterasys/Formacao em Teste de Software/Appium/mydemoapp142/target/surefire 2025-09-09T22-52-17_817-jvmRun1 surefire-20250909225217910_1tmp surefire_0-20250909225217910_2tmp"/>
    <property name="jdk.debug" value="release"/>
    <property name="surefire.test.class.path" value="/home/danillo/Dropbox/Estudos/Teste de Software/Iterasys/Formacao em Teste de Software/Appium/mydemoapp142/target/test-classes:/home/danillo/Dropbox/Estudos/Teste de Software/Iterasys/Formacao em Teste de Software/Appium/mydemoapp142/target/classes:/home/danillo/.m2/repository/org/junit/jupiter/junit-jupiter/5.10.2/junit-jupiter-5.10.2.jar:/home/danillo/.m2/repository/org/junit/jupiter/junit-jupiter-api/5.10.2/junit-jupiter-api-5.10.2.jar:/home/danillo/.m2/repository/org/opentest4j/opentest4j/1.3.0/opentest4j-1.3.0.jar:/home/danillo/.m2/repository/org/junit/platform/junit-platform-commons/1.10.2/junit-platform-commons-1.10.2.jar:/home/danillo/.m2/repository/org/apiguardian/apiguardian-api/1.1.2/apiguardian-api-1.1.2.jar:/home/danillo/.m2/repository/org/junit/jupiter/junit-jupiter-params/5.10.2/junit-jupiter-params-5.10.2.jar:/home/danillo/.m2/repository/org/junit/jupiter/junit-jupiter-engine/5.10.2/junit-jupiter-engine-5.10.2.jar:/home/danillo/.m2/repository/org/junit/platform/junit-platform-engine/1.10.2/junit-platform-engine-1.10.2.jar:/home/danillo/.m2/repository/io/appium/java-client/8.5.1/java-client-8.5.1.jar:/home/danillo/.m2/repository/org/seleniumhq/selenium/selenium-api/4.10.0/selenium-api-4.10.0.jar:/home/danillo/.m2/repository/org/seleniumhq/selenium/selenium-remote-driver/4.10.0/selenium-remote-driver-4.10.0.jar:/home/danillo/.m2/repository/com/google/auto/service/auto-service-annotations/1.0.1/auto-service-annotations-1.0.1.jar:/home/danillo/.m2/repository/com/google/auto/service/auto-service/1.0.1/auto-service-1.0.1.jar:/home/danillo/.m2/repository/com/google/auto/auto-common/1.2/auto-common-1.2.jar:/home/danillo/.m2/repository/com/google/guava/guava/31.1-jre/guava-31.1-jre.jar:/home/danillo/.m2/repository/com/google/guava/failureaccess/1.0.1/failureaccess-1.0.1.jar:/home/danillo/.m2/repository/com/google/guava/listenablefuture/9999.0-empty-to-avoid-conflict-with-guava/listenablefuture-9999.0-empty-to-avoid-conflict-with-guava.jar:/home/danillo/.m2/repository/com/google/code/findbugs/jsr305/3.0.2/jsr305-3.0.2.jar:/home/danillo/.m2/repository/org/checkerframework/checker-qual/3.12.0/checker-qual-3.12.0.jar:/home/danillo/.m2/repository/com/google/errorprone/error_prone_annotations/2.11.0/error_prone_annotations-2.11.0.jar:/home/danillo/.m2/repository/com/google/j2objc/j2objc-annotations/1.3/j2objc-annotations-1.3.jar:/home/danillo/.m2/repository/io/netty/netty-buffer/4.1.92.Final/netty-buffer-4.1.92.Final.jar:/home/danillo/.m2/repository/io/netty/netty-codec-http/4.1.92.Final/netty-codec-http-4.1.92.Final.jar:/home/danillo/.m2/repository/io/netty/netty-codec/4.1.92.Final/netty-codec-4.1.92.Final.jar:/home/danillo/.m2/repository/io/netty/netty-handler/4.1.92.Final/netty-handler-4.1.92.Final.jar:/home/danillo/.m2/repository/io/netty/netty-common/4.1.92.Final/netty-common-4.1.92.Final.jar:/home/danillo/.m2/repository/io/netty/netty-transport-classes-epoll/4.1.92.Final/netty-transport-classes-epoll-4.1.92.Final.jar:/home/danillo/.m2/repository/io/netty/netty-transport-classes-kqueue/4.1.92.Final/netty-transport-classes-kqueue-4.1.92.Final.jar:/home/danillo/.m2/repository/io/netty/netty-transport-native-epoll/4.1.92.Final/netty-transport-native-epoll-4.1.92.Final.jar:/home/danillo/.m2/repository/io/netty/netty-transport-native-kqueue/4.1.92.Final/netty-transport-native-kqueue-4.1.92.Final.jar:/home/danillo/.m2/repository/io/netty/netty-transport-native-unix-common/4.1.92.Final/netty-transport-native-unix-common-4.1.92.Final.jar:/home/danillo/.m2/repository/io/netty/netty-transport/4.1.92.Final/netty-transport-4.1.92.Final.jar:/home/danillo/.m2/repository/io/netty/netty-resolver/4.1.92.Final/netty-resolver-4.1.92.Final.jar:/home/danillo/.m2/repository/io/opentelemetry/opentelemetry-api/1.26.0/opentelemetry-api-1.26.0.jar:/home/danillo/.m2/repository/io/opentelemetry/opentelemetry-context/1.26.0/opentelemetry-context-1.26.0.jar:/home/danillo/.m2/repository/io/opentelemetry/opentelemetry-exporter-logging/1.26.0/opentelemetry-exporter-logging-1.26.0.jar:/home/danillo/.m2/repository/io/opentelemetry/opentelemetry-sdk-metrics/1.26.0/opentelemetry-sdk-metrics-1.26.0.jar:/home/danillo/.m2/repository/io/opentelemetry/opentelemetry-extension-incubator/1.26.0-alpha/opentelemetry-extension-incubator-1.26.0-alpha.jar:/home/danillo/.m2/repository/io/opentelemetry/opentelemetry-sdk-logs/1.26.0-alpha/opentelemetry-sdk-logs-1.26.0-alpha.jar:/home/danillo/.m2/repository/io/opentelemetry/opentelemetry-api-logs/1.26.0-alpha/opentelemetry-api-logs-1.26.0-alpha.jar:/home/danillo/.m2/repository/io/opentelemetry/opentelemetry-api-events/1.26.0-alpha/opentelemetry-api-events-1.26.0-alpha.jar:/home/danillo/.m2/repository/io/opentelemetry/opentelemetry-sdk-common/1.26.0/opentelemetry-sdk-common-1.26.0.jar:/home/danillo/.m2/repository/io/opentelemetry/opentelemetry-sdk-extension-autoconfigure-spi/1.26.0/opentelemetry-sdk-extension-autoconfigure-spi-1.26.0.jar:/home/danillo/.m2/repository/io/opentelemetry/opentelemetry-sdk-extension-autoconfigure/1.26.0-alpha/opentelemetry-sdk-extension-autoconfigure-1.26.0-alpha.jar:/home/danillo/.m2/repository/io/opentelemetry/opentelemetry-sdk-trace/1.26.0/opentelemetry-sdk-trace-1.26.0.jar:/home/danillo/.m2/repository/io/opentelemetry/opentelemetry-sdk/1.26.0/opentelemetry-sdk-1.26.0.jar:/home/danillo/.m2/repository/io/opentelemetry/opentelemetry-semconv/1.26.0-alpha/opentelemetry-semconv-1.26.0-alpha.jar:/home/danillo/.m2/repository/net/bytebuddy/byte-buddy/1.14.4/byte-buddy-1.14.4.jar:/home/danillo/.m2/repository/org/apache/commons/commons-exec/1.3/commons-exec-1.3.jar:/home/danillo/.m2/repository/org/asynchttpclient/async-http-client/2.12.3/async-http-client-2.12.3.jar:/home/danillo/.m2/repository/org/asynchttpclient/async-http-client-netty-utils/2.12.3/async-http-client-netty-utils-2.12.3.jar:/home/danillo/.m2/repository/io/netty/netty-codec-socks/4.1.60.Final/netty-codec-socks-4.1.60.Final.jar:/home/danillo/.m2/repository/io/netty/netty-handler-proxy/4.1.60.Final/netty-handler-proxy-4.1.60.Final.jar:/home/danillo/.m2/repository/io/netty/netty-transport-native-epoll/4.1.60.Final/netty-transport-native-epoll-4.1.60.Final-linux-x86_64.jar:/home/danillo/.m2/repository/io/netty/netty-transport-native-kqueue/4.1.60.Final/netty-transport-native-kqueue-4.1.60.Final-osx-x86_64.jar:/home/danillo/.m2/repository/org/reactivestreams/reactive-streams/1.0.3/reactive-streams-1.0.3.jar:/home/danillo/.m2/repository/com/typesafe/netty/netty-reactive-streams/2.0.4/netty-reactive-streams-2.0.4.jar:/home/danillo/.m2/repository/com/sun/activation/jakarta.activation/1.2.2/jakarta.activation-1.2.2.jar:/home/danillo/.m2/repository/org/seleniumhq/selenium/selenium-http/4.10.0/selenium-http-4.10.0.jar:/home/danillo/.m2/repository/dev/failsafe/failsafe/3.3.1/failsafe-3.3.1.jar:/home/danillo/.m2/repository/org/seleniumhq/selenium/selenium-json/4.10.0/selenium-json-4.10.0.jar:/home/danillo/.m2/repository/org/seleniumhq/selenium/selenium-manager/4.10.0/selenium-manager-4.10.0.jar:/home/danillo/.m2/repository/org/seleniumhq/selenium/selenium-support/4.10.0/selenium-support-4.10.0.jar:/home/danillo/.m2/repository/com/google/code/gson/gson/2.10.1/gson-2.10.1.jar:/home/danillo/.m2/repository/commons-validator/commons-validator/1.7/commons-validator-1.7.jar:/home/danillo/.m2/repository/commons-beanutils/commons-beanutils/1.9.4/commons-beanutils-1.9.4.jar:/home/danillo/.m2/repository/commons-digester/commons-digester/2.1/commons-digester-2.1.jar:/home/danillo/.m2/repository/commons-logging/commons-logging/1.2/commons-logging-1.2.jar:/home/danillo/.m2/repository/commons-collections/commons-collections/3.2.2/commons-collections-3.2.2.jar:/home/danillo/.m2/repository/org/apache/commons/commons-lang3/3.12.0/commons-lang3-3.12.0.jar:/home/danillo/.m2/repository/commons-io/commons-io/2.12.0/commons-io-2.12.0.jar:/home/danillo/.m2/repository/org/slf4j/slf4j-api/2.0.7/slf4j-api-2.0.7.jar:"/>
    <property name="sun.cpu.endian" value="little"/>
    <property name="user.home" value="/home/danillo"/>
    <property name="user.language" value="pt"/>
    <property name="java.specification.vendor" value="Oracle Corporation"/>
    <property name="java.version.date" value="2023-10-17"/>
    <property name="java.home" value="/home/danillo/.sdkman/candidates/java/17.0.9-tem"/>
    <property name="file.separator" value="/"/>
    <property name="basedir" value="/home/danillo/Dropbox/Estudos/Teste de Software/Iterasys/Formacao em Teste de Software/Appium/mydemoapp142"/>
    <property name="java.vm.compressedOopsMode" value="Zero based"/>
    <property name="line.separator" value="&#10;"/>
    <property name="java.vm.specification.vendor" value="Oracle Corporation"/>
    <property name="java.specification.name" value="Java Platform API Specification"/>
    <property name="surefire.real.class.path" value="/home/danillo/Dropbox/Estudos/Teste de Software/Iterasys/Formacao em Teste de Software/Appium/mydemoapp142/target/surefire/surefirebooter-20250909225217910_3.jar"/>
    <property name="sun.management.compiler" value="HotSpot 64-Bit Tiered Compilers"/>
    <property name="java.runtime.version" value="17.0.9+9"/>
    <property name="user.name" value="danillo"/>
    <property name="path.separator" value=":"/>
    <property name="os.version" value="6.14.0-29-generic"/>
    <property name="java.runtime.name" value="OpenJDK Runtime Environment"/>
    <property name="file.encoding" value="UTF-8"/>
    <property name="java.vm.name" value="OpenJDK 64-Bit Server VM"/>
    <property name="java.vendor.version" value="Temurin-17.0.9+9"/>
    <property name="maven.ext.class.path" value="/home/danillo/.vscode/extensions/oracle.oracle-java-24.1.0/nbcode/java/maven-nblib/netbeans-eventspy.jar"/>
    <property name="localRepository" value="/home/danillo/.m2/repository"/>
    <property name="java.vendor.url.bug" value="https://github.com/adoptium/adoptium-support/issues"/>
    <property name="java.io.tmpdir" value="/tmp"/>
    <property name="java.version" value="17.0.9"/>
    <property name="user.dir" value="/home/danillo/Dropbox/Estudos/Teste de Software/Iterasys/Formacao em Teste de Software/Appium/mydemoapp142"/>
    <property name="os.arch" value="amd64"/>
    <property name="java.vm.specification.name" value="Java Virtual Machine Specification"/>
    <property name="native.encoding" value="UTF-8"/>
    <property name="java.library.path" value="/usr/java/packages/lib:/usr/lib64:/lib64:/lib:/usr/lib"/>
    <property name="java.vm.info" value="mixed mode, sharing"/>
    <property name="java.vendor" value="Eclipse Adoptium"/>
    <property name="java.vm.version" value="17.0.9+9"/>
    <property name="sun.io.unicode.encoding" value="UnicodeLittle"/>
    <property name="java.class.version" value="61.0"/>
  </properties>
  <testcase name="sampleTest" classname="ConsultarProdutoTest" time="2.046">
    <error message="Could not start a new session. Response code 400. Message: CCYAbuse - Job not started. Your organization has reached its concurrent session limit. Contact your administrator or sales@saucelabs.com to upgrade. &#10;Host info: host: &apos;danillo&apos;, ip: &apos;192.168.15.23&apos;&#10;Build info: version: &apos;4.10.0&apos;, revision: &apos;c14d967899&apos;&#10;System info: os.name: &apos;Linux&apos;, os.arch: &apos;amd64&apos;, os.version: &apos;6.14.0-29-generic&apos;, java.version: &apos;17.0.9&apos;&#10;Driver info: io.appium.java_client.android.AndroidDriver&#10;Command: [null, newSession {capabilities=[{appium:newCommandTimeout=3600, appium:nativeWebScreenshot=true, unhandledPromptBehavior=ignore, webSocketUrl=true, appium:automationName=UiAutomator2, appium:platformVersion=9.0, sauce:options={name=Appium Desktop Session -- Sep 9, 2025 9:55 PM}, appium:connectHardwareKeyboard=true, appium:deviceOrientation=portrait, browserName=, appium:appActivity=com.saucelabs.mydemoapp.android.view.activities.SplashActivity, appium:deviceName=Samsung Galaxy S9 FHD GoogleAPI Emulator, platformName=ANDROID, appium:app=storage:filename=mda-2.2.0-25.apk, appium:appPackage=com.saucelabs.mydemoapp.android, appium:ensureWebviewsHavePages=true}], desiredCapabilities=Capabilities {appium:app: storage:filename=mda-2.2.0-..., appium:appActivity: com.saucelabs.mydemoapp.and..., appium:appPackage: com.saucelabs.mydemoapp.and..., appium:automationName: UiAutomator2, appium:connectHardwareKeyboard: true, appium:deviceName: Samsung Galaxy S9 FHD Googl..., appium:deviceOrientation: portrait, appium:ensureWebviewsHavePages: true, appium:nativeWebScreenshot: true, appium:newCommandTimeout: 3600, appium:platformVersion: 9.0, browserName: , platformName: ANDROID, sauce:options: {name: Appium Desktop Session -- S...}, unhandledPromptBehavior: ignore, webSocketUrl: true}}]&#10;Capabilities {appium:app: storage:filename=mda-2.2.0-..., appium:appActivity: com.saucelabs.mydemoapp.and..., appium:appPackage: com.saucelabs.mydemoapp.and..., appium:automationName: UiAutomator2, appium:connectHardwareKeyboard: true, appium:deviceName: Samsung Galaxy S9 FHD Googl..., appium:deviceOrientation: portrait, appium:ensureWebviewsHavePages: true, appium:nativeWebScreenshot: true, appium:newCommandTimeout: 3600, appium:platformVersion: 9.0, browserName: , platformName: ANDROID, sauce:options: {name: Appium Desktop Session -- S...}, unhandledPromptBehavior: ignore, webSocketUrl: true}" type="org.openqa.selenium.SessionNotCreatedException"><![CDATA[org.openqa.selenium.SessionNotCreatedException: 
Could not start a new session. Response code 400. Message: CCYAbuse - Job not started. Your organization has reached its concurrent session limit. Contact your administrator or sales@saucelabs.com to upgrade. 
Host info: host: 'danillo', ip: '192.168.15.23'
Build info: version: '4.10.0', revision: 'c14d967899'
System info: os.name: 'Linux', os.arch: 'amd64', os.version: '6.14.0-29-generic', java.version: '17.0.9'
Driver info: io.appium.java_client.android.AndroidDriver
Command: [null, newSession {capabilities=[{appium:newCommandTimeout=3600, appium:nativeWebScreenshot=true, unhandledPromptBehavior=ignore, webSocketUrl=true, appium:automationName=UiAutomator2, appium:platformVersion=9.0, sauce:options={name=Appium Desktop Session -- Sep 9, 2025 9:55 PM}, appium:connectHardwareKeyboard=true, appium:deviceOrientation=portrait, browserName=, appium:appActivity=com.saucelabs.mydemoapp.android.view.activities.SplashActivity, appium:deviceName=Samsung Galaxy S9 FHD GoogleAPI Emulator, platformName=ANDROID, appium:app=storage:filename=mda-2.2.0-25.apk, appium:appPackage=com.saucelabs.mydemoapp.android, appium:ensureWebviewsHavePages=true}], desiredCapabilities=Capabilities {appium:app: storage:filename=mda-2.2.0-..., appium:appActivity: com.saucelabs.mydemoapp.and..., appium:appPackage: com.saucelabs.mydemoapp.and..., appium:automationName: UiAutomator2, appium:connectHardwareKeyboard: true, appium:deviceName: Samsung Galaxy S9 FHD Googl..., appium:deviceOrientation: portrait, appium:ensureWebviewsHavePages: true, appium:nativeWebScreenshot: true, appium:newCommandTimeout: 3600, appium:platformVersion: 9.0, browserName: , platformName: ANDROID, sauce:options: {name: Appium Desktop Session -- S...}, unhandledPromptBehavior: ignore, webSocketUrl: true}}]
Capabilities {appium:app: storage:filename=mda-2.2.0-..., appium:appActivity: com.saucelabs.mydemoapp.and..., appium:appPackage: com.saucelabs.mydemoapp.and..., appium:automationName: UiAutomator2, appium:connectHardwareKeyboard: true, appium:deviceName: Samsung Galaxy S9 FHD Googl..., appium:deviceOrientation: portrait, appium:ensureWebviewsHavePages: true, appium:nativeWebScreenshot: true, appium:newCommandTimeout: 3600, appium:platformVersion: 9.0, browserName: , platformName: ANDROID, sauce:options: {name: Appium Desktop Session -- S...}, unhandledPromptBehavior: ignore, webSocketUrl: true}
	at org.openqa.selenium.remote.ProtocolHandshake.createSession(ProtocolHandshake.java:140)
	at java.base/jdk.internal.reflect.NativeMethodAccessorImpl.invoke0(Native Method)
	at java.base/jdk.internal.reflect.NativeMethodAccessorImpl.invoke(NativeMethodAccessorImpl.java:77)
	at java.base/jdk.internal.reflect.DelegatingMethodAccessorImpl.invoke(DelegatingMethodAccessorImpl.java:43)
	at java.base/java.lang.reflect.Method.invoke(Method.java:568)
	at io.appium.java_client.remote.AppiumProtocolHandshake.createSession(AppiumProtocolHandshake.java:133)
	at io.appium.java_client.remote.AppiumProtocolHandshake.createSession(AppiumProtocolHandshake.java:102)
	at io.appium.java_client.remote.AppiumCommandExecutor.createSession(AppiumCommandExecutor.java:182)
	at io.appium.java_client.remote.AppiumCommandExecutor.execute(AppiumCommandExecutor.java:250)
	at org.openqa.selenium.remote.RemoteWebDriver.execute(RemoteWebDriver.java:531)
	at io.appium.java_client.AppiumDriver.startSession(AppiumDriver.java:274)
	at org.openqa.selenium.remote.RemoteWebDriver.<init>(RemoteWebDriver.java:154)
	at io.appium.java_client.AppiumDriver.<init>(AppiumDriver.java:89)
	at io.appium.java_client.AppiumDriver.<init>(AppiumDriver.java:101)
	at io.appium.java_client.android.AndroidDriver.<init>(AndroidDriver.java:113)
	at ConsultarProdutoTest.setUp(ConsultarProdutoTest.java:47)
	at java.base/java.lang.reflect.Method.invoke(Method.java:568)
	at java.base/java.util.ArrayList.forEach(ArrayList.java:1511)
	at java.base/java.util.ArrayList.forEach(ArrayList.java:1511)
	Suppressed: java.lang.NullPointerException: Cannot invoke "io.appium.java_client.android.AndroidDriver.quit()" because "this.driver" is null
		at ConsultarProdutoTest.tearDown(ConsultarProdutoTest.java:62)
		... 3 more
]]></error>
    <system-err><![CDATA[SLF4J: No SLF4J providers were found.
SLF4J: Defaulting to no-operation (NOP) logger implementation
SLF4J: See https://www.slf4j.org/codes.html#noProviders for further details.
]]></system-err>
  </testcase>
</testsuite>