<?xml version="1.0" encoding="UTF-8"?>
<testsuite xmlns:xsi="http://www.w3.org/2001/XMLSchema-instance" xsi:noNamespaceSchemaLocation="https://maven.apache.org/surefire/maven-surefire-plugin/xsd/surefire-test-report-3.0.xsd" version="3.0" name="runner.RunCucumberTest" time="119.195" tests="2" errors="2" skipped="0" failures="0">
  <properties>
    <property name="java.specification.version" value="17"/>
    <property name="sun.jnu.encoding" value="UTF-8"/>
    <property name="java.class.path" value="/home/danillo/Dropbox/Estudos/Teste de Software/Iterasys/Formacao em Teste de Software/Appium/mydemoapp142/target/test-classes:/home/danillo/Dropbox/Estudos/Teste de Software/Iterasys/Formacao em Teste de Software/Appium/mydemoapp142/target/classes:/home/danillo/.m2/repository/org/junit/jupiter/junit-jupiter/5.10.2/junit-jupiter-5.10.2.jar:/home/danillo/.m2/repository/org/junit/jupiter/junit-jupiter-api/5.10.2/junit-jupiter-api-5.10.2.jar:/home/danillo/.m2/repository/org/junit/jupiter/junit-jupiter-params/5.10.2/junit-jupiter-params-5.10.2.jar:/home/danillo/.m2/repository/org/junit/jupiter/junit-jupiter-engine/5.10.2/junit-jupiter-engine-5.10.2.jar:/home/danillo/.m2/repository/io/appium/java-client/10.0.0/java-client-10.0.0.jar:/home/danillo/.m2/repository/org/seleniumhq/selenium/selenium-api/4.35.0/selenium-api-4.35.0.jar:/home/danillo/.m2/repository/org/seleniumhq/selenium/selenium-remote-driver/4.35.0/selenium-remote-driver-4.35.0.jar:/home/danillo/.m2/repository/com/google/auto/service/auto-service-annotations/1.1.1/auto-service-annotations-1.1.1.jar:/home/danillo/.m2/repository/com/google/guava/guava/33.4.8-jre/guava-33.4.8-jre.jar:/home/danillo/.m2/repository/com/google/guava/failureaccess/1.0.3/failureaccess-1.0.3.jar:/home/danillo/.m2/repository/com/google/guava/listenablefuture/9999.0-empty-to-avoid-conflict-with-guava/listenablefuture-9999.0-empty-to-avoid-conflict-with-guava.jar:/home/danillo/.m2/repository/com/google/j2objc/j2objc-annotations/3.0.0/j2objc-annotations-3.0.0.jar:/home/danillo/.m2/repository/io/opentelemetry/opentelemetry-api/1.53.0/opentelemetry-api-1.53.0.jar:/home/danillo/.m2/repository/io/opentelemetry/opentelemetry-context/1.53.0/opentelemetry-context-1.53.0.jar:/home/danillo/.m2/repository/io/opentelemetry/opentelemetry-common/1.53.0/opentelemetry-common-1.53.0.jar:/home/danillo/.m2/repository/io/opentelemetry/opentelemetry-exporter-logging/1.53.0/opentelemetry-exporter-logging-1.53.0.jar:/home/danillo/.m2/repository/io/opentelemetry/opentelemetry-sdk-common/1.53.0/opentelemetry-sdk-common-1.53.0.jar:/home/danillo/.m2/repository/io/opentelemetry/opentelemetry-sdk-extension-autoconfigure-spi/1.53.0/opentelemetry-sdk-extension-autoconfigure-spi-1.53.0.jar:/home/danillo/.m2/repository/io/opentelemetry/opentelemetry-sdk-extension-autoconfigure/1.53.0/opentelemetry-sdk-extension-autoconfigure-1.53.0.jar:/home/danillo/.m2/repository/io/opentelemetry/opentelemetry-sdk-trace/1.53.0/opentelemetry-sdk-trace-1.53.0.jar:/home/danillo/.m2/repository/io/opentelemetry/opentelemetry-sdk/1.53.0/opentelemetry-sdk-1.53.0.jar:/home/danillo/.m2/repository/io/opentelemetry/opentelemetry-sdk-metrics/1.53.0/opentelemetry-sdk-metrics-1.53.0.jar:/home/danillo/.m2/repository/io/opentelemetry/opentelemetry-sdk-logs/1.53.0/opentelemetry-sdk-logs-1.53.0.jar:/home/danillo/.m2/repository/net/bytebuddy/byte-buddy/1.17.6/byte-buddy-1.17.6.jar:/home/danillo/.m2/repository/org/seleniumhq/selenium/selenium-http/4.35.0/selenium-http-4.35.0.jar:/home/danillo/.m2/repository/org/seleniumhq/selenium/selenium-json/4.35.0/selenium-json-4.35.0.jar:/home/danillo/.m2/repository/org/seleniumhq/selenium/selenium-manager/4.35.0/selenium-manager-4.35.0.jar:/home/danillo/.m2/repository/org/seleniumhq/selenium/selenium-os/4.35.0/selenium-os-4.35.0.jar:/home/danillo/.m2/repository/org/apache/commons/commons-exec/1.5.0/commons-exec-1.5.0.jar:/home/danillo/.m2/repository/org/seleniumhq/selenium/selenium-support/4.35.0/selenium-support-4.35.0.jar:/home/danillo/.m2/repository/com/google/code/gson/gson/2.13.1/gson-2.13.1.jar:/home/danillo/.m2/repository/com/google/errorprone/error_prone_annotations/2.38.0/error_prone_annotations-2.38.0.jar:/home/danillo/.m2/repository/org/slf4j/slf4j-api/2.0.17/slf4j-api-2.0.17.jar:/home/danillo/.m2/repository/org/jspecify/jspecify/1.0.0/jspecify-1.0.0.jar:/home/danillo/.m2/repository/org/hamcrest/hamcrest/3.0/hamcrest-3.0.jar:/home/danillo/.m2/repository/org/junit/platform/junit-platform-suite/1.10.2/junit-platform-suite-1.10.2.jar:/home/danillo/.m2/repository/org/junit/platform/junit-platform-suite-api/1.10.2/junit-platform-suite-api-1.10.2.jar:/home/danillo/.m2/repository/org/junit/platform/junit-platform-suite-engine/1.10.2/junit-platform-suite-engine-1.10.2.jar:/home/danillo/.m2/repository/org/junit/platform/junit-platform-suite-commons/1.10.2/junit-platform-suite-commons-1.10.2.jar:/home/danillo/.m2/repository/org/junit/platform/junit-platform-commons/1.10.2/junit-platform-commons-1.10.2.jar:/home/danillo/.m2/repository/org/apiguardian/apiguardian-api/1.1.2/apiguardian-api-1.1.2.jar:/home/danillo/.m2/repository/org/junit/platform/junit-platform-engine/1.10.2/junit-platform-engine-1.10.2.jar:/home/danillo/.m2/repository/org/opentest4j/opentest4j/1.3.0/opentest4j-1.3.0.jar:/home/danillo/.m2/repository/org/junit/platform/junit-platform-launcher/1.10.2/junit-platform-launcher-1.10.2.jar:/home/danillo/.m2/repository/io/cucumber/cucumber-java/7.14.0/cucumber-java-7.14.0.jar:/home/danillo/.m2/repository/io/cucumber/cucumber-core/7.14.0/cucumber-core-7.14.0.jar:/home/danillo/.m2/repository/io/cucumber/cucumber-gherkin/7.14.0/cucumber-gherkin-7.14.0.jar:/home/danillo/.m2/repository/io/cucumber/cucumber-gherkin-messages/7.14.0/cucumber-gherkin-messages-7.14.0.jar:/home/danillo/.m2/repository/io/cucumber/gherkin/26.2.0/gherkin-26.2.0.jar:/home/danillo/.m2/repository/io/cucumber/messages/22.0.0/messages-22.0.0.jar:/home/danillo/.m2/repository/io/cucumber/tag-expressions/5.0.6/tag-expressions-5.0.6.jar:/home/danillo/.m2/repository/io/cucumber/cucumber-expressions/16.1.2/cucumber-expressions-16.1.2.jar:/home/danillo/.m2/repository/io/cucumber/datatable/7.14.0/datatable-7.14.0.jar:/home/danillo/.m2/repository/io/cucumber/cucumber-plugin/7.14.0/cucumber-plugin-7.14.0.jar:/home/danillo/.m2/repository/io/cucumber/docstring/7.14.0/docstring-7.14.0.jar:/home/danillo/.m2/repository/io/cucumber/html-formatter/20.4.0/html-formatter-20.4.0.jar:/home/danillo/.m2/repository/io/cucumber/junit-xml-formatter/0.2.0/junit-xml-formatter-0.2.0.jar:/home/danillo/.m2/repository/io/cucumber/ci-environment/9.2.0/ci-environment-9.2.0.jar:/home/danillo/.m2/repository/io/cucumber/cucumber-junit-platform-engine/7.14.0/cucumber-junit-platform-engine-7.14.0.jar:/home/danillo/.m2/repository/net/java/dev/jna/jna/5.13.0/jna-5.13.0.jar:"/>
    <property name="java.vm.vendor" value="Eclipse Adoptium"/>
    <property name="sun.arch.data.model" value="64"/>
    <property name="java.vendor.url" value="https://adoptium.net/"/>
    <property name="os.name" value="Linux"/>
    <property name="java.vm.specification.version" value="17"/>
    <property name="sun.java.launcher" value="SUN_STANDARD"/>
    <property name="user.country" value="BR"/>
    <property name="sun.boot.library.path" value="/home/danillo/.sdkman/candidates/java/17.0.9-tem/lib"/>
    <property name="sun.java.command" value="/home/danillo/Dropbox/Estudos/Teste de Software/Iterasys/Formacao em Teste de Software/Appium/mydemoapp142/target/surefire/surefirebooter-20250922203356529_3.jar /home/danillo/Dropbox/Estudos/Teste de Software/Iterasys/Formacao em Teste de Software/Appium/mydemoapp142/target/surefire 2025-09-22T20-33-56_016-jvmRun1 surefire-20250922203356529_1tmp surefire_0-20250922203356529_2tmp"/>
    <property name="jdk.debug" value="release"/>
    <property name="surefire.test.class.path" value="/home/danillo/Dropbox/Estudos/Teste de Software/Iterasys/Formacao em Teste de Software/Appium/mydemoapp142/target/test-classes:/home/danillo/Dropbox/Estudos/Teste de Software/Iterasys/Formacao em Teste de Software/Appium/mydemoapp142/target/classes:/home/danillo/.m2/repository/org/junit/jupiter/junit-jupiter/5.10.2/junit-jupiter-5.10.2.jar:/home/danillo/.m2/repository/org/junit/jupiter/junit-jupiter-api/5.10.2/junit-jupiter-api-5.10.2.jar:/home/danillo/.m2/repository/org/junit/jupiter/junit-jupiter-params/5.10.2/junit-jupiter-params-5.10.2.jar:/home/danillo/.m2/repository/org/junit/jupiter/junit-jupiter-engine/5.10.2/junit-jupiter-engine-5.10.2.jar:/home/danillo/.m2/repository/io/appium/java-client/10.0.0/java-client-10.0.0.jar:/home/danillo/.m2/repository/org/seleniumhq/selenium/selenium-api/4.35.0/selenium-api-4.35.0.jar:/home/danillo/.m2/repository/org/seleniumhq/selenium/selenium-remote-driver/4.35.0/selenium-remote-driver-4.35.0.jar:/home/danillo/.m2/repository/com/google/auto/service/auto-service-annotations/1.1.1/auto-service-annotations-1.1.1.jar:/home/danillo/.m2/repository/com/google/guava/guava/33.4.8-jre/guava-33.4.8-jre.jar:/home/danillo/.m2/repository/com/google/guava/failureaccess/1.0.3/failureaccess-1.0.3.jar:/home/danillo/.m2/repository/com/google/guava/listenablefuture/9999.0-empty-to-avoid-conflict-with-guava/listenablefuture-9999.0-empty-to-avoid-conflict-with-guava.jar:/home/danillo/.m2/repository/com/google/j2objc/j2objc-annotations/3.0.0/j2objc-annotations-3.0.0.jar:/home/danillo/.m2/repository/io/opentelemetry/opentelemetry-api/1.53.0/opentelemetry-api-1.53.0.jar:/home/danillo/.m2/repository/io/opentelemetry/opentelemetry-context/1.53.0/opentelemetry-context-1.53.0.jar:/home/danillo/.m2/repository/io/opentelemetry/opentelemetry-common/1.53.0/opentelemetry-common-1.53.0.jar:/home/danillo/.m2/repository/io/opentelemetry/opentelemetry-exporter-logging/1.53.0/opentelemetry-exporter-logging-1.53.0.jar:/home/danillo/.m2/repository/io/opentelemetry/opentelemetry-sdk-common/1.53.0/opentelemetry-sdk-common-1.53.0.jar:/home/danillo/.m2/repository/io/opentelemetry/opentelemetry-sdk-extension-autoconfigure-spi/1.53.0/opentelemetry-sdk-extension-autoconfigure-spi-1.53.0.jar:/home/danillo/.m2/repository/io/opentelemetry/opentelemetry-sdk-extension-autoconfigure/1.53.0/opentelemetry-sdk-extension-autoconfigure-1.53.0.jar:/home/danillo/.m2/repository/io/opentelemetry/opentelemetry-sdk-trace/1.53.0/opentelemetry-sdk-trace-1.53.0.jar:/home/danillo/.m2/repository/io/opentelemetry/opentelemetry-sdk/1.53.0/opentelemetry-sdk-1.53.0.jar:/home/danillo/.m2/repository/io/opentelemetry/opentelemetry-sdk-metrics/1.53.0/opentelemetry-sdk-metrics-1.53.0.jar:/home/danillo/.m2/repository/io/opentelemetry/opentelemetry-sdk-logs/1.53.0/opentelemetry-sdk-logs-1.53.0.jar:/home/danillo/.m2/repository/net/bytebuddy/byte-buddy/1.17.6/byte-buddy-1.17.6.jar:/home/danillo/.m2/repository/org/seleniumhq/selenium/selenium-http/4.35.0/selenium-http-4.35.0.jar:/home/danillo/.m2/repository/org/seleniumhq/selenium/selenium-json/4.35.0/selenium-json-4.35.0.jar:/home/danillo/.m2/repository/org/seleniumhq/selenium/selenium-manager/4.35.0/selenium-manager-4.35.0.jar:/home/danillo/.m2/repository/org/seleniumhq/selenium/selenium-os/4.35.0/selenium-os-4.35.0.jar:/home/danillo/.m2/repository/org/apache/commons/commons-exec/1.5.0/commons-exec-1.5.0.jar:/home/danillo/.m2/repository/org/seleniumhq/selenium/selenium-support/4.35.0/selenium-support-4.35.0.jar:/home/danillo/.m2/repository/com/google/code/gson/gson/2.13.1/gson-2.13.1.jar:/home/danillo/.m2/repository/com/google/errorprone/error_prone_annotations/2.38.0/error_prone_annotations-2.38.0.jar:/home/danillo/.m2/repository/org/slf4j/slf4j-api/2.0.17/slf4j-api-2.0.17.jar:/home/danillo/.m2/repository/org/jspecify/jspecify/1.0.0/jspecify-1.0.0.jar:/home/danillo/.m2/repository/org/hamcrest/hamcrest/3.0/hamcrest-3.0.jar:/home/danillo/.m2/repository/org/junit/platform/junit-platform-suite/1.10.2/junit-platform-suite-1.10.2.jar:/home/danillo/.m2/repository/org/junit/platform/junit-platform-suite-api/1.10.2/junit-platform-suite-api-1.10.2.jar:/home/danillo/.m2/repository/org/junit/platform/junit-platform-suite-engine/1.10.2/junit-platform-suite-engine-1.10.2.jar:/home/danillo/.m2/repository/org/junit/platform/junit-platform-suite-commons/1.10.2/junit-platform-suite-commons-1.10.2.jar:/home/danillo/.m2/repository/org/junit/platform/junit-platform-commons/1.10.2/junit-platform-commons-1.10.2.jar:/home/danillo/.m2/repository/org/apiguardian/apiguardian-api/1.1.2/apiguardian-api-1.1.2.jar:/home/danillo/.m2/repository/org/junit/platform/junit-platform-engine/1.10.2/junit-platform-engine-1.10.2.jar:/home/danillo/.m2/repository/org/opentest4j/opentest4j/1.3.0/opentest4j-1.3.0.jar:/home/danillo/.m2/repository/org/junit/platform/junit-platform-launcher/1.10.2/junit-platform-launcher-1.10.2.jar:/home/danillo/.m2/repository/io/cucumber/cucumber-java/7.14.0/cucumber-java-7.14.0.jar:/home/danillo/.m2/repository/io/cucumber/cucumber-core/7.14.0/cucumber-core-7.14.0.jar:/home/danillo/.m2/repository/io/cucumber/cucumber-gherkin/7.14.0/cucumber-gherkin-7.14.0.jar:/home/danillo/.m2/repository/io/cucumber/cucumber-gherkin-messages/7.14.0/cucumber-gherkin-messages-7.14.0.jar:/home/danillo/.m2/repository/io/cucumber/gherkin/26.2.0/gherkin-26.2.0.jar:/home/danillo/.m2/repository/io/cucumber/messages/22.0.0/messages-22.0.0.jar:/home/danillo/.m2/repository/io/cucumber/tag-expressions/5.0.6/tag-expressions-5.0.6.jar:/home/danillo/.m2/repository/io/cucumber/cucumber-expressions/16.1.2/cucumber-expressions-16.1.2.jar:/home/danillo/.m2/repository/io/cucumber/datatable/7.14.0/datatable-7.14.0.jar:/home/danillo/.m2/repository/io/cucumber/cucumber-plugin/7.14.0/cucumber-plugin-7.14.0.jar:/home/danillo/.m2/repository/io/cucumber/docstring/7.14.0/docstring-7.14.0.jar:/home/danillo/.m2/repository/io/cucumber/html-formatter/20.4.0/html-formatter-20.4.0.jar:/home/danillo/.m2/repository/io/cucumber/junit-xml-formatter/0.2.0/junit-xml-formatter-0.2.0.jar:/home/danillo/.m2/repository/io/cucumber/ci-environment/9.2.0/ci-environment-9.2.0.jar:/home/danillo/.m2/repository/io/cucumber/cucumber-junit-platform-engine/7.14.0/cucumber-junit-platform-engine-7.14.0.jar:/home/danillo/.m2/repository/net/java/dev/jna/jna/5.13.0/jna-5.13.0.jar:"/>
    <property name="sun.cpu.endian" value="little"/>
    <property name="user.home" value="/home/danillo"/>
    <property name="user.language" value="pt"/>
    <property name="java.specification.vendor" value="Oracle Corporation"/>
    <property name="java.version.date" value="2023-10-17"/>
    <property name="java.home" value="/home/danillo/.sdkman/candidates/java/17.0.9-tem"/>
    <property name="file.separator" value="/"/>
    <property name="basedir" value="/home/danillo/Dropbox/Estudos/Teste de Software/Iterasys/Formacao em Teste de Software/Appium/mydemoapp142"/>
    <property name="java.vm.compressedOopsMode" value="Zero based"/>
    <property name="line.separator" value="&#10;"/>
    <property name="java.vm.specification.vendor" value="Oracle Corporation"/>
    <property name="java.specification.name" value="Java Platform API Specification"/>
    <property name="surefire.real.class.path" value="/home/danillo/Dropbox/Estudos/Teste de Software/Iterasys/Formacao em Teste de Software/Appium/mydemoapp142/target/surefire/surefirebooter-20250922203356529_3.jar"/>
    <property name="sun.management.compiler" value="HotSpot 64-Bit Tiered Compilers"/>
    <property name="java.runtime.version" value="17.0.9+9"/>
    <property name="user.name" value="danillo"/>
    <property name="path.separator" value=":"/>
    <property name="os.version" value="6.14.0-29-generic"/>
    <property name="java.runtime.name" value="OpenJDK Runtime Environment"/>
    <property name="file.encoding" value="UTF-8"/>
    <property name="java.vm.name" value="OpenJDK 64-Bit Server VM"/>
    <property name="java.vendor.version" value="Temurin-17.0.9+9"/>
    <property name="localRepository" value="/home/danillo/.m2/repository"/>
    <property name="java.vendor.url.bug" value="https://github.com/adoptium/adoptium-support/issues"/>
    <property name="java.io.tmpdir" value="/tmp"/>
    <property name="java.version" value="17.0.9"/>
    <property name="user.dir" value="/home/danillo/Dropbox/Estudos/Teste de Software/Iterasys/Formacao em Teste de Software/Appium/mydemoapp142"/>
    <property name="os.arch" value="amd64"/>
    <property name="java.vm.specification.name" value="Java Virtual Machine Specification"/>
    <property name="native.encoding" value="UTF-8"/>
    <property name="java.library.path" value="/usr/java/packages/lib:/usr/lib64:/lib64:/lib:/usr/lib"/>
    <property name="java.vm.info" value="mixed mode, sharing"/>
    <property name="java.vendor" value="Eclipse Adoptium"/>
    <property name="java.vm.version" value="17.0.9+9"/>
    <property name="sun.io.unicode.encoding" value="UnicodeLittle"/>
    <property name="java.class.version" value="61.0"/>
  </properties>
  <testcase name="Comprar Produto - Compra com Sucesso - Exemplos - Example #1.1" classname="Comprar Produto - Compra com Sucesso - Exemplos" time="59.66">
    <error message="An element could not be located on the page using the given search parameters.&#10;For documentation on this error, please visit: https://www.selenium.dev/documentation/webdriver/troubleshooting/errors#no-such-element-exception&#10;Build info: version: &apos;4.35.0&apos;, revision: &apos;1c58e5028b&apos;&#10;System info: os.name: &apos;Linux&apos;, os.arch: &apos;amd64&apos;, os.version: &apos;6.14.0-29-generic&apos;, java.version: &apos;17.0.9&apos;&#10;Driver info: io.appium.java_client.android.AndroidDriver&#10;Command: [6436bb0f1c46436da85856d8994de83d, findElement {using=xpath, value=(//android.widget.ImageView[@content-desc=&quot;Product image&quot;])[1]}]&#10;Capabilities {appium:app: /tmp/tmpY8jOq3/mda-2.2.0-25..., appium:appActivity: com.saucelabs.mydemoapp.and..., appium:appPackage: com.saucelabs.mydemoapp.and..., appium:automationName: UiAutomator2, appium:chromeOptions: {args: [--disable-fre, --disable-popup-blocking, --enable-automation, --enable-remote-debugging, --ignore-certificate-errors, --metrics-recording-only, --no-first-run, --disable-search-geolocatio..., --disable-gpu-rasterization, --ignore-certificate-errors...], w3c: false}, appium:connectHardwareKeyboard: true, appium:databaseEnabled: false, appium:desired: {app: /tmp/tmpY8jOq3/mda-2.2.0-25..., appActivity: com.saucelabs.mydemoapp.and..., appPackage: com.saucelabs.mydemoapp.and..., automationName: UiAutomator2, browserName: , chromeOptions: {args: [--disable-fre, --disable-popup-blocking, --enable-automation, --enable-remote-debugging, --ignore-certificate-errors, --metrics-recording-only, --no-first-run, --disable-search-geolocatio..., --disable-gpu-rasterization, --ignore-certificate-errors...], w3c: false}, connectHardwareKeyboard: true, deviceName: Samsung Galaxy S9 FHD Googl..., deviceOrientation: portrait, ensureWebviewsHavePages: true, eventTimings: true, maxTypingFrequency: 8, nativeWebScreenshot: true, newCommandTimeout: 3600, noReset: true, noSign:noSign: true, orientation: PORTRAIT, platformName: ANDROID, platformVersion: 9.0, proxy: {proxyAutoconfigUrl: http://127.0.0.1:19876/pac.js, proxyType: pac}, sauce:options: {}, selenium:webdriver.remote.quietExceptions: false, udid: emulator-5554, unhandledPromptBehavior: ignore}, appium:deviceApiLevel: 28, appium:deviceManufacturer: Google, appium:deviceModel: Android SDK built for x86_64, appium:deviceName: emulator-5554, appium:deviceOrientation: portrait, appium:deviceScreenDensity: 480, appium:deviceScreenSize: 1080x2220, appium:deviceUDID: emulator-5554, appium:ensureWebviewsHavePages: true, appium:eventTimings: true, appium:javascriptEnabled: true, appium:locationContextEnabled: false, appium:maxTypingFrequency: 8, appium:nativeWebScreenshot: true, appium:networkConnectionEnabled: true, appium:newCommandTimeout: 3600, appium:noReset: true, appium:orientation: PORTRAIT, appium:pixelRatio: 3, appium:platformVersion: 9, appium:statBarHeight: 72, appium:takesScreenshot: true, appium:udid: emulator-5554, appium:viewportRect: {height: 2004, left: 0, top: 72, width: 1080}, appium:warnings: {}, appium:webStorageEnabled: false, noSign:noSign: true, platformName: ANDROID, proxy: Proxy(pac: http://127.0.0.1..., sauce:options: {}, selenium:webdriver.remote.quietExceptions: false, unhandledPromptBehavior: ignore}&#10;Session ID: 6436bb0f1c46436da85856d8994de83d" type="org.openqa.selenium.NoSuchElementException"><![CDATA[org.openqa.selenium.NoSuchElementException: 
An element could not be located on the page using the given search parameters.
For documentation on this error, please visit: https://www.selenium.dev/documentation/webdriver/troubleshooting/errors#no-such-element-exception
Build info: version: '4.35.0', revision: '1c58e5028b'
System info: os.name: 'Linux', os.arch: 'amd64', os.version: '6.14.0-29-generic', java.version: '17.0.9'
Driver info: io.appium.java_client.android.AndroidDriver
Command: [6436bb0f1c46436da85856d8994de83d, findElement {using=xpath, value=(//android.widget.ImageView[@content-desc="Product image"])[1]}]
Capabilities {appium:app: /tmp/tmpY8jOq3/mda-2.2.0-25..., appium:appActivity: com.saucelabs.mydemoapp.and..., appium:appPackage: com.saucelabs.mydemoapp.and..., appium:automationName: UiAutomator2, appium:chromeOptions: {args: [--disable-fre, --disable-popup-blocking, --enable-automation, --enable-remote-debugging, --ignore-certificate-errors, --metrics-recording-only, --no-first-run, --disable-search-geolocatio..., --disable-gpu-rasterization, --ignore-certificate-errors...], w3c: false}, appium:connectHardwareKeyboard: true, appium:databaseEnabled: false, appium:desired: {app: /tmp/tmpY8jOq3/mda-2.2.0-25..., appActivity: com.saucelabs.mydemoapp.and..., appPackage: com.saucelabs.mydemoapp.and..., automationName: UiAutomator2, browserName: , chromeOptions: {args: [--disable-fre, --disable-popup-blocking, --enable-automation, --enable-remote-debugging, --ignore-certificate-errors, --metrics-recording-only, --no-first-run, --disable-search-geolocatio..., --disable-gpu-rasterization, --ignore-certificate-errors...], w3c: false}, connectHardwareKeyboard: true, deviceName: Samsung Galaxy S9 FHD Googl..., deviceOrientation: portrait, ensureWebviewsHavePages: true, eventTimings: true, maxTypingFrequency: 8, nativeWebScreenshot: true, newCommandTimeout: 3600, noReset: true, noSign:noSign: true, orientation: PORTRAIT, platformName: ANDROID, platformVersion: 9.0, proxy: {proxyAutoconfigUrl: http://127.0.0.1:19876/pac.js, proxyType: pac}, sauce:options: {}, selenium:webdriver.remote.quietExceptions: false, udid: emulator-5554, unhandledPromptBehavior: ignore}, appium:deviceApiLevel: 28, appium:deviceManufacturer: Google, appium:deviceModel: Android SDK built for x86_64, appium:deviceName: emulator-5554, appium:deviceOrientation: portrait, appium:deviceScreenDensity: 480, appium:deviceScreenSize: 1080x2220, appium:deviceUDID: emulator-5554, appium:ensureWebviewsHavePages: true, appium:eventTimings: true, appium:javascriptEnabled: true, appium:locationContextEnabled: false, appium:maxTypingFrequency: 8, appium:nativeWebScreenshot: true, appium:networkConnectionEnabled: true, appium:newCommandTimeout: 3600, appium:noReset: true, appium:orientation: PORTRAIT, appium:pixelRatio: 3, appium:platformVersion: 9, appium:statBarHeight: 72, appium:takesScreenshot: true, appium:udid: emulator-5554, appium:viewportRect: {height: 2004, left: 0, top: 72, width: 1080}, appium:warnings: {}, appium:webStorageEnabled: false, noSign:noSign: true, platformName: ANDROID, proxy: Proxy(pac: http://127.0.0.1..., sauce:options: {}, selenium:webdriver.remote.quietExceptions: false, unhandledPromptBehavior: ignore}
Session ID: 6436bb0f1c46436da85856d8994de83d
	at java.base/java.lang.reflect.Constructor.newInstanceWithCaller(Constructor.java:499)
	at java.base/java.lang.reflect.Constructor.newInstance(Constructor.java:480)
	at org.openqa.selenium.remote.ErrorCodec.decode(ErrorCodec.java:167)
	at org.openqa.selenium.remote.codec.w3c.W3CHttpResponseCodec.decode(W3CHttpResponseCodec.java:138)
	at org.openqa.selenium.remote.codec.w3c.W3CHttpResponseCodec.decode(W3CHttpResponseCodec.java:50)
	at org.openqa.selenium.remote.HttpCommandExecutor.execute(HttpCommandExecutor.java:215)
	at io.appium.java_client.remote.AppiumCommandExecutor.execute(AppiumCommandExecutor.java:243)
	at org.openqa.selenium.remote.RemoteWebDriver.execute(RemoteWebDriver.java:557)
	at org.openqa.selenium.remote.ElementLocation$ElementFinder$2.findElement(ElementLocation.java:165)
	at org.openqa.selenium.remote.ElementLocation.findElement(ElementLocation.java:59)
	at org.openqa.selenium.remote.RemoteWebDriver.findElement(RemoteWebDriver.java:380)
	at org.openqa.selenium.remote.RemoteWebDriver.findElement(RemoteWebDriver.java:374)
	at steps.ComprarProduto.clico_na_imagem_do(ComprarProduto.java:96)
	at ✽.clico na imagem do 1(classpath:features/ComprarProduto.feature:10)
]]></error>
  </testcase>
  <testcase name="Comprar Produto - Compra com Sucesso - Exemplos - Example #1.2" classname="Comprar Produto - Compra com Sucesso - Exemplos" time="59.308">
    <error message="An element could not be located on the page using the given search parameters.&#10;For documentation on this error, please visit: https://www.selenium.dev/documentation/webdriver/troubleshooting/errors#no-such-element-exception&#10;Build info: version: &apos;4.35.0&apos;, revision: &apos;1c58e5028b&apos;&#10;System info: os.name: &apos;Linux&apos;, os.arch: &apos;amd64&apos;, os.version: &apos;6.14.0-29-generic&apos;, java.version: &apos;17.0.9&apos;&#10;Driver info: io.appium.java_client.android.AndroidDriver&#10;Command: [a891d3c93aa3421883bf10900baab32d, findElement {using=xpath, value=//android.widget.TextView[@content-desc=&apos;Product Title&apos; and @text=&apos;Sauce Labs Bike Light&apos;]}]&#10;Capabilities {appium:app: /tmp/tmp4U2C1O/mda-2.2.0-25..., appium:appActivity: com.saucelabs.mydemoapp.and..., appium:appPackage: com.saucelabs.mydemoapp.and..., appium:automationName: UiAutomator2, appium:chromeOptions: {args: [--disable-fre, --disable-popup-blocking, --enable-automation, --enable-remote-debugging, --ignore-certificate-errors, --metrics-recording-only, --no-first-run, --disable-search-geolocatio..., --disable-gpu-rasterization, --ignore-certificate-errors...], w3c: false}, appium:connectHardwareKeyboard: true, appium:databaseEnabled: false, appium:desired: {app: /tmp/tmp4U2C1O/mda-2.2.0-25..., appActivity: com.saucelabs.mydemoapp.and..., appPackage: com.saucelabs.mydemoapp.and..., automationName: UiAutomator2, browserName: , chromeOptions: {args: [--disable-fre, --disable-popup-blocking, --enable-automation, --enable-remote-debugging, --ignore-certificate-errors, --metrics-recording-only, --no-first-run, --disable-search-geolocatio..., --disable-gpu-rasterization, --ignore-certificate-errors...], w3c: false}, connectHardwareKeyboard: true, deviceName: Samsung Galaxy S9 FHD Googl..., deviceOrientation: portrait, ensureWebviewsHavePages: true, eventTimings: true, maxTypingFrequency: 8, nativeWebScreenshot: true, newCommandTimeout: 3600, noReset: true, noSign:noSign: true, orientation: PORTRAIT, platformName: ANDROID, platformVersion: 9.0, proxy: {proxyAutoconfigUrl: http://127.0.0.1:19876/pac.js, proxyType: pac}, sauce:options: {}, selenium:webdriver.remote.quietExceptions: false, udid: emulator-5554, unhandledPromptBehavior: ignore}, appium:deviceApiLevel: 28, appium:deviceManufacturer: Google, appium:deviceModel: Android SDK built for x86_64, appium:deviceName: emulator-5554, appium:deviceOrientation: portrait, appium:deviceScreenDensity: 480, appium:deviceScreenSize: 1080x2220, appium:deviceUDID: emulator-5554, appium:ensureWebviewsHavePages: true, appium:eventTimings: true, appium:javascriptEnabled: true, appium:locationContextEnabled: false, appium:maxTypingFrequency: 8, appium:nativeWebScreenshot: true, appium:networkConnectionEnabled: true, appium:newCommandTimeout: 3600, appium:noReset: true, appium:orientation: PORTRAIT, appium:pixelRatio: 3, appium:platformVersion: 9, appium:statBarHeight: 72, appium:takesScreenshot: true, appium:udid: emulator-5554, appium:viewportRect: {height: 2004, left: 0, top: 72, width: 1080}, appium:warnings: {}, appium:webStorageEnabled: false, noSign:noSign: true, platformName: ANDROID, proxy: Proxy(pac: http://127.0.0.1..., sauce:options: {}, selenium:webdriver.remote.quietExceptions: false, unhandledPromptBehavior: ignore}&#10;Session ID: a891d3c93aa3421883bf10900baab32d" type="org.openqa.selenium.NoSuchElementException"><![CDATA[org.openqa.selenium.NoSuchElementException: 
An element could not be located on the page using the given search parameters.
For documentation on this error, please visit: https://www.selenium.dev/documentation/webdriver/troubleshooting/errors#no-such-element-exception
Build info: version: '4.35.0', revision: '1c58e5028b'
System info: os.name: 'Linux', os.arch: 'amd64', os.version: '6.14.0-29-generic', java.version: '17.0.9'
Driver info: io.appium.java_client.android.AndroidDriver
Command: [a891d3c93aa3421883bf10900baab32d, findElement {using=xpath, value=//android.widget.TextView[@content-desc='Product Title' and @text='Sauce Labs Bike Light']}]
Capabilities {appium:app: /tmp/tmp4U2C1O/mda-2.2.0-25..., appium:appActivity: com.saucelabs.mydemoapp.and..., appium:appPackage: com.saucelabs.mydemoapp.and..., appium:automationName: UiAutomator2, appium:chromeOptions: {args: [--disable-fre, --disable-popup-blocking, --enable-automation, --enable-remote-debugging, --ignore-certificate-errors, --metrics-recording-only, --no-first-run, --disable-search-geolocatio..., --disable-gpu-rasterization, --ignore-certificate-errors...], w3c: false}, appium:connectHardwareKeyboard: true, appium:databaseEnabled: false, appium:desired: {app: /tmp/tmp4U2C1O/mda-2.2.0-25..., appActivity: com.saucelabs.mydemoapp.and..., appPackage: com.saucelabs.mydemoapp.and..., automationName: UiAutomator2, browserName: , chromeOptions: {args: [--disable-fre, --disable-popup-blocking, --enable-automation, --enable-remote-debugging, --ignore-certificate-errors, --metrics-recording-only, --no-first-run, --disable-search-geolocatio..., --disable-gpu-rasterization, --ignore-certificate-errors...], w3c: false}, connectHardwareKeyboard: true, deviceName: Samsung Galaxy S9 FHD Googl..., deviceOrientation: portrait, ensureWebviewsHavePages: true, eventTimings: true, maxTypingFrequency: 8, nativeWebScreenshot: true, newCommandTimeout: 3600, noReset: true, noSign:noSign: true, orientation: PORTRAIT, platformName: ANDROID, platformVersion: 9.0, proxy: {proxyAutoconfigUrl: http://127.0.0.1:19876/pac.js, proxyType: pac}, sauce:options: {}, selenium:webdriver.remote.quietExceptions: false, udid: emulator-5554, unhandledPromptBehavior: ignore}, appium:deviceApiLevel: 28, appium:deviceManufacturer: Google, appium:deviceModel: Android SDK built for x86_64, appium:deviceName: emulator-5554, appium:deviceOrientation: portrait, appium:deviceScreenDensity: 480, appium:deviceScreenSize: 1080x2220, appium:deviceUDID: emulator-5554, appium:ensureWebviewsHavePages: true, appium:eventTimings: true, appium:javascriptEnabled: true, appium:locationContextEnabled: false, appium:maxTypingFrequency: 8, appium:nativeWebScreenshot: true, appium:networkConnectionEnabled: true, appium:newCommandTimeout: 3600, appium:noReset: true, appium:orientation: PORTRAIT, appium:pixelRatio: 3, appium:platformVersion: 9, appium:statBarHeight: 72, appium:takesScreenshot: true, appium:udid: emulator-5554, appium:viewportRect: {height: 2004, left: 0, top: 72, width: 1080}, appium:warnings: {}, appium:webStorageEnabled: false, noSign:noSign: true, platformName: ANDROID, proxy: Proxy(pac: http://127.0.0.1..., sauce:options: {}, selenium:webdriver.remote.quietExceptions: false, unhandledPromptBehavior: ignore}
Session ID: a891d3c93aa3421883bf10900baab32d
	at java.base/java.lang.reflect.Constructor.newInstanceWithCaller(Constructor.java:499)
	at java.base/java.lang.reflect.Constructor.newInstance(Constructor.java:480)
	at org.openqa.selenium.remote.ErrorCodec.decode(ErrorCodec.java:167)
	at org.openqa.selenium.remote.codec.w3c.W3CHttpResponseCodec.decode(W3CHttpResponseCodec.java:138)
	at org.openqa.selenium.remote.codec.w3c.W3CHttpResponseCodec.decode(W3CHttpResponseCodec.java:50)
	at org.openqa.selenium.remote.HttpCommandExecutor.execute(HttpCommandExecutor.java:215)
	at io.appium.java_client.remote.AppiumCommandExecutor.execute(AppiumCommandExecutor.java:243)
	at org.openqa.selenium.remote.RemoteWebDriver.execute(RemoteWebDriver.java:557)
	at org.openqa.selenium.remote.ElementLocation$ElementFinder$2.findElement(ElementLocation.java:165)
	at org.openqa.selenium.remote.ElementLocation.findElement(ElementLocation.java:59)
	at org.openqa.selenium.remote.RemoteWebDriver.findElement(RemoteWebDriver.java:380)
	at org.openqa.selenium.remote.RemoteWebDriver.findElement(RemoteWebDriver.java:374)
	at steps.ComprarProduto.localizo_o_que_esta_por(ComprarProduto.java:90)
	at ✽.localizo o "Sauce Labs Bike Light" que esta na posicao 6 por "$ 9.99"(classpath:features/ComprarProduto.feature:9)
]]></error>
  </testcase>
</testsuite>